/home/user/condensed-sparsity/src/condensed_sparsity/v2/condensed_linear.py:168: UserWarning: Sparse CSR tensor support is in beta state. If you miss a functionality in the sparse tensor support, please submit a feature request to https://github.com/pytorch/pytorch/issues. (Triggered internally at ../aten/src/ATen/SparseCsrTensorImpl.cpp:54.)
  torch.clone(self.weight.detach().type(dtype).to_sparse_csr()),
Sparsity 99 with 1 threads using compilation strategy inductor and dtype torch.float32 on device cpu.
Benchmarking 2048   x 3072...
[2023-09-26 21:51:56,622] torch._dynamo.utils: [WARNING] Unsupported: meta converter nyi with fake tensor propagation.
[2023-09-26 21:51:59,893] torch._dynamo.utils: [WARNING] Unsupported: meta converter nyi with fake tensor propagation.
[2023-09-26 21:52:36,538] torch._dynamo.utils: [WARNING] Unsupported: meta converter nyi with fake tensor propagation.
[2023-09-26 21:52:39,060] torch._dynamo.utils: [WARNING] Unsupported: meta converter nyi with fake tensor propagation.
[2023-09-26 21:53:08,004] torch._dynamo.utils: [WARNING] Unsupported: meta converter nyi with fake tensor propagation.
[2023-09-26 21:53:12,726] torch._dynamo.utils: [WARNING] Unsupported: meta converter nyi with fake tensor propagation.
[2023-09-26 21:53:39,995] torch._dynamo.utils: [WARNING] Unsupported: meta converter nyi with fake tensor propagation.
[2023-09-26 21:53:43,125] torch._dynamo.utils: [WARNING] Unsupported: meta converter nyi with fake tensor propagation.
[2023-09-26 21:54:14,046] torch._dynamo.utils: [WARNING] Unsupported: meta converter nyi with fake tensor propagation.
[2023-09-26 21:54:16,795] torch._dynamo.utils: [WARNING] Unsupported: meta converter nyi with fake tensor propagation.
[2023-09-26 21:54:48,289] torch._dynamo.utils: [WARNING] Unsupported: meta converter nyi with fake tensor propagation.
[2023-09-26 21:54:50,686] torch._dynamo.utils: [WARNING] Unsupported: meta converter nyi with fake tensor propagation.
[2023-09-26 21:55:18,884] torch._dynamo.utils: [WARNING] Unsupported: meta converter nyi with fake tensor propagation.
[2023-09-26 21:55:21,035] torch._dynamo.utils: [WARNING] Unsupported: meta converter nyi with fake tensor propagation.
[2023-09-26 21:55:48,035] torch._dynamo.utils: [WARNING] Unsupported: meta converter nyi with fake tensor propagation.
[2023-09-26 21:55:50,943] torch._dynamo.utils: [WARNING] Unsupported: meta converter nyi with fake tensor propagation.
[2023-09-26 21:56:21,963] torch._dynamo.utils: [WARNING] Unsupported: meta converter nyi with fake tensor propagation.
[2023-09-26 21:56:24,524] torch._dynamo.utils: [WARNING] Unsupported: meta converter nyi with fake tensor propagation.
[2023-09-26 21:56:57,960] torch._dynamo.utils: [WARNING] Unsupported: meta converter nyi with fake tensor propagation.
[2023-09-26 21:57:03,677] torch._dynamo.utils: [WARNING] Unsupported: meta converter nyi with fake tensor propagation.
[2023-09-26 21:57:39,359] torch._dynamo.utils: [WARNING] Unsupported: meta converter nyi with fake tensor propagation.
[2023-09-26 21:57:41,555] torch._dynamo.utils: [WARNING] Unsupported: meta converter nyi with fake tensor propagation.
[2023-09-26 21:58:12,470] torch._dynamo.utils: [WARNING] Unsupported: meta converter nyi with fake tensor propagation.
[2023-09-26 21:58:16,503] torch._dynamo.utils: [WARNING] Unsupported: meta converter nyi with fake tensor propagation.
[2023-09-26 21:58:51,876] torch._dynamo.utils: [WARNING] Unsupported: meta converter nyi with fake tensor propagation.
[2023-09-26 21:58:54,231] torch._dynamo.utils: [WARNING] Unsupported: meta converter nyi with fake tensor propagation.
[2023-09-26 21:59:24,673] torch._dynamo.utils: [WARNING] Unsupported: meta converter nyi with fake tensor propagation.
[2023-09-26 21:59:26,862] torch._dynamo.utils: [WARNING] Unsupported: meta converter nyi with fake tensor propagation.
[2023-09-26 21:59:54,830] torch._dynamo.utils: [WARNING] Unsupported: meta converter nyi with fake tensor propagation.
[2023-09-26 21:59:57,809] torch._dynamo.utils: [WARNING] Unsupported: meta converter nyi with fake tensor propagation.
[2023-09-26 22:00:25,082] torch._dynamo.utils: [WARNING] Unsupported: meta converter nyi with fake tensor propagation.
[2023-09-26 22:00:27,690] torch._dynamo.utils: [WARNING] Unsupported: meta converter nyi with fake tensor propagation.
[2023-09-26 22:00:57,734] torch._dynamo.utils: [WARNING] Unsupported: meta converter nyi with fake tensor propagation.
[2023-09-26 22:01:00,108] torch._dynamo.utils: [WARNING] Unsupported: meta converter nyi with fake tensor propagation.
[2023-09-26 22:01:30,841] torch._dynamo.utils: [WARNING] Unsupported: meta converter nyi with fake tensor propagation.
[2023-09-26 22:01:34,647] torch._dynamo.utils: [WARNING] Unsupported: meta converter nyi with fake tensor propagation.
[2023-09-26 22:02:03,221] torch._dynamo.utils: [WARNING] Unsupported: meta converter nyi with fake tensor propagation.
[2023-09-26 22:02:06,203] torch._dynamo.utils: [WARNING] Unsupported: meta converter nyi with fake tensor propagation.
[2023-09-26 22:02:34,282] torch._dynamo.utils: [WARNING] Unsupported: meta converter nyi with fake tensor propagation.
[2023-09-26 22:02:36,720] torch._dynamo.utils: [WARNING] Unsupported: meta converter nyi with fake tensor propagation.
[2023-09-26 22:03:07,404] torch._dynamo.utils: [WARNING] Unsupported: meta converter nyi with fake tensor propagation.
[2023-09-26 22:03:09,714] torch._dynamo.utils: [WARNING] Unsupported: meta converter nyi with fake tensor propagation.
[2023-09-26 22:03:40,211] torch._dynamo.utils: [WARNING] Unsupported: meta converter nyi with fake tensor propagation.
[2023-09-26 22:03:43,213] torch._dynamo.utils: [WARNING] Unsupported: meta converter nyi with fake tensor propagation.
[2023-09-26 22:04:13,433] torch._dynamo.utils: [WARNING] Unsupported: meta converter nyi with fake tensor propagation.
[2023-09-26 22:04:16,059] torch._dynamo.utils: [WARNING] Unsupported: meta converter nyi with fake tensor propagation.
[2023-09-26 22:04:44,880] torch._dynamo.utils: [WARNING] Unsupported: meta converter nyi with fake tensor propagation.
[2023-09-26 22:04:47,466] torch._dynamo.utils: [WARNING] Unsupported: meta converter nyi with fake tensor propagation.
[2023-09-26 22:05:30,559] torch._dynamo.utils: [WARNING] Unsupported: meta converter nyi with fake tensor propagation.
[2023-09-26 22:05:33,461] torch._dynamo.utils: [WARNING] Unsupported: meta converter nyi with fake tensor propagation.
[2023-09-26 22:06:07,024] torch._dynamo.utils: [WARNING] Unsupported: meta converter nyi with fake tensor propagation.
[2023-09-26 22:06:09,599] torch._dynamo.utils: [WARNING] Unsupported: meta converter nyi with fake tensor propagation.
[2023-09-26 22:06:38,658] torch._dynamo.utils: [WARNING] Unsupported: meta converter nyi with fake tensor propagation.
[2023-09-26 22:06:40,949] torch._dynamo.utils: [WARNING] Unsupported: meta converter nyi with fake tensor propagation.
[2023-09-26 22:07:10,319] torch._dynamo.utils: [WARNING] Unsupported: meta converter nyi with fake tensor propagation.
[2023-09-26 22:07:13,226] torch._dynamo.utils: [WARNING] Unsupported: meta converter nyi with fake tensor propagation.
[2023-09-26 22:07:39,847] torch._dynamo.utils: [WARNING] Unsupported: meta converter nyi with fake tensor propagation.
[2023-09-26 22:07:42,370] torch._dynamo.utils: [WARNING] Unsupported: meta converter nyi with fake tensor propagation.
[2023-09-26 22:08:12,970] torch._dynamo.utils: [WARNING] Unsupported: meta converter nyi with fake tensor propagation.
[2023-09-26 22:08:15,316] torch._dynamo.utils: [WARNING] Unsupported: meta converter nyi with fake tensor propagation.
[2023-09-26 22:08:48,680] torch._dynamo.utils: [WARNING] Unsupported: meta converter nyi with fake tensor propagation.
[2023-09-26 22:08:52,390] torch._dynamo.utils: [WARNING] Unsupported: meta converter nyi with fake tensor propagation.
[2023-09-26 22:09:20,315] torch._dynamo.utils: [WARNING] Unsupported: meta converter nyi with fake tensor propagation.
[2023-09-26 22:09:23,195] torch._dynamo.utils: [WARNING] Unsupported: meta converter nyi with fake tensor propagation.
[2023-09-26 22:09:52,391] torch._dynamo.utils: [WARNING] Unsupported: meta converter nyi with fake tensor propagation.
[2023-09-26 22:09:54,872] torch._dynamo.utils: [WARNING] Unsupported: meta converter nyi with fake tensor propagation.
[2023-09-26 22:10:25,608] torch._dynamo.utils: [WARNING] Unsupported: meta converter nyi with fake tensor propagation.
[2023-09-26 22:10:27,838] torch._dynamo.utils: [WARNING] Unsupported: meta converter nyi with fake tensor propagation.
[2023-09-26 22:10:56,160] torch._dynamo.utils: [WARNING] Unsupported: meta converter nyi with fake tensor propagation.
[2023-09-26 22:10:59,366] torch._dynamo.utils: [WARNING] Unsupported: meta converter nyi with fake tensor propagation.
[2023-09-26 22:11:28,925] torch._dynamo.utils: [WARNING] Unsupported: meta converter nyi with fake tensor propagation.
[2023-09-26 22:11:31,909] torch._dynamo.utils: [WARNING] Unsupported: meta converter nyi with fake tensor propagation.
[2023-09-26 22:12:34,267] torch._dynamo.utils: [WARNING] Unsupported: meta converter nyi with fake tensor propagation.
[2023-09-26 22:12:37,780] torch._dynamo.utils: [WARNING] Unsupported: meta converter nyi with fake tensor propagation.
[2023-09-26 22:13:22,592] torch._dynamo.utils: [WARNING] Unsupported: meta converter nyi with fake tensor propagation.
[2023-09-26 22:13:25,445] torch._dynamo.utils: [WARNING] Unsupported: meta converter nyi with fake tensor propagation.
[2023-09-26 22:13:57,203] torch._dynamo.utils: [WARNING] Unsupported: meta converter nyi with fake tensor propagation.
[2023-09-26 22:13:59,766] torch._dynamo.utils: [WARNING] Unsupported: meta converter nyi with fake tensor propagation.
[2023-09-26 22:14:29,418] torch._dynamo.utils: [WARNING] Unsupported: meta converter nyi with fake tensor propagation.
[2023-09-26 22:14:31,658] torch._dynamo.utils: [WARNING] Unsupported: meta converter nyi with fake tensor propagation.
[2023-09-26 22:15:02,938] torch._dynamo.utils: [WARNING] Unsupported: meta converter nyi with fake tensor propagation.
[2023-09-26 22:15:05,801] torch._dynamo.utils: [WARNING] Unsupported: meta converter nyi with fake tensor propagation.
[2023-09-26 22:15:33,156] torch._dynamo.utils: [WARNING] Unsupported: meta converter nyi with fake tensor propagation.
[2023-09-26 22:15:35,683] torch._dynamo.utils: [WARNING] Unsupported: meta converter nyi with fake tensor propagation.
[2023-09-26 22:16:05,713] torch._dynamo.utils: [WARNING] Unsupported: meta converter nyi with fake tensor propagation.
[2023-09-26 22:16:08,060] torch._dynamo.utils: [WARNING] Unsupported: meta converter nyi with fake tensor propagation.
[2023-09-26 22:16:37,578] torch._dynamo.utils: [WARNING] Unsupported: meta converter nyi with fake tensor propagation.
[2023-09-26 22:16:41,386] torch._dynamo.utils: [WARNING] Unsupported: meta converter nyi with fake tensor propagation.
[2023-09-26 22:17:14,733] torch._dynamo.utils: [WARNING] Unsupported: meta converter nyi with fake tensor propagation.
[2023-09-26 22:17:17,640] torch._dynamo.utils: [WARNING] Unsupported: meta converter nyi with fake tensor propagation.
[2023-09-26 22:17:49,826] torch._dynamo.utils: [WARNING] Unsupported: meta converter nyi with fake tensor propagation.
[2023-09-26 22:17:52,152] torch._dynamo.utils: [WARNING] Unsupported: meta converter nyi with fake tensor propagation.
[2023-09-26 22:18:19,990] torch._dynamo.utils: [WARNING] Unsupported: meta converter nyi with fake tensor propagation.
[2023-09-26 22:18:22,190] torch._dynamo.utils: [WARNING] Unsupported: meta converter nyi with fake tensor propagation.
[2023-09-26 22:18:50,946] torch._dynamo.utils: [WARNING] Unsupported: meta converter nyi with fake tensor propagation.
[2023-09-26 22:18:54,742] torch._dynamo.utils: [WARNING] Unsupported: meta converter nyi with fake tensor propagation.
Benchmarking 1024   x 3072...
Benchmarking 512    x 3072...
Benchmarking 256    x 3072...
Benchmarking 128    x 3072...
Benchmarking 64     x 3072...
Benchmarking 32     x 3072...
Benchmarking 16     x 3072...
Benchmarking 8      x 3072...
Benchmarking 4      x 3072...
Benchmarking 2      x 3072...
Benchmarking 1      x 3072...
Sparsity 95 with 1 threads using compilation strategy inductor and dtype torch.float32 on device cpu.
Benchmarking 2048   x 3072...
Benchmarking 1024   x 3072...
Benchmarking 512    x 3072...
Benchmarking 256    x 3072...
Benchmarking 128    x 3072...
Benchmarking 64     x 3072...
Benchmarking 32     x 3072...
Benchmarking 16     x 3072...
Benchmarking 8      x 3072...
Benchmarking 4      x 3072...
Benchmarking 2      x 3072...
Benchmarking 1      x 3072...
Sparsity 90 with 1 threads using compilation strategy inductor and dtype torch.float32 on device cpu.
Benchmarking 2048   x 3072...
Benchmarking 1024   x 3072...
Benchmarking 512    x 3072...
Benchmarking 256    x 3072...
Benchmarking 128    x 3072...
Benchmarking 64     x 3072...
Benchmarking 32     x 3072...
Benchmarking 16     x 3072...
Benchmarking 8      x 3072...
Benchmarking 4      x 3072...
Benchmarking 2      x 3072...
Benchmarking 1      x 3072...
Sparsity 80 with 1 threads using compilation strategy inductor and dtype torch.float32 on device cpu.
Benchmarking 2048   x 3072...
Benchmarking 1024   x 3072...
Benchmarking 512    x 3072...
Benchmarking 256    x 3072...
Benchmarking 128    x 3072...
Benchmarking 64     x 3072...
Benchmarking 32     x 3072...
Benchmarking 16     x 3072...
Benchmarking 8      x 3072...
Benchmarking 4      x 3072...
Benchmarking 2      x 3072...
Benchmarking 1      x 3072...
[------------------------------------------------------------------------------------------------------------------------------------------------------------------- Sparsity 99 with 1 threads using compilation strategy inductor and dtype torch.float32 on device cpu. --------------------------------------------------------------------------------------------------------------------------------------------------------------------]
                     |  Dense benchmark - eager  |  Structured sparsity - eager  |  structured + csr - eager  |  csr only - eager  |  Vmap - eager  |  Fine-grained + structured - eager  |  Dense benchmark - Compiled - backend inductor  |  Structured sparsity compiled with backend - inductor  |  structured + csr with backend inductor  |  csr only compiled with backend - inductor  |  Fine-grained + structured with backend inductor
1 threads: -------------------------------------------------------------------------------------------------------------------------------------------------------------------------------------------------------------------------------------------------------------------------------------------------------------------------------------------------------------------------------------------------------------------------------------
      2048   x 3072  |  [31m[1m        173493.2       [0m[0m  |  [31m[1m          111746.8         [0m[0m  |  [31m[1m        64120.9         [0m[0m  |  [31m[1m    65076.0     [0m[0m  |  [31m[1m  417197.4  [0m[0m  |  [31m[1m             424800.0            [0m[0m  |  [31m[1m                   184466.4                  [0m[0m  |  [31m[1m                      110080.5                      [0m[0m  |  [31m[1m               63376.4                [0m[0m  |  [31m[1m                 64158.6                 [0m[0m  |  [31m[1m                    11683.6                    [0m[0m
      1024   x 3072  |  [31m[1m         84859.0       [0m[0m  |  [31m[1m           54799.8         [0m[0m  |  [31m[1m        30706.2         [0m[0m  |  [31m[1m    31535.9     [0m[0m  |  [31m[1m  148697.4  [0m[0m  |  [31m[1m             150588.0            [0m[0m  |  [31m[1m                    86825.6                  [0m[0m  |  [31m[1m                       55291.0                      [0m[0m  |  [31m[1m               30641.0                [0m[0m  |  [31m[1m                 31208.4                 [0m[0m  |  [31m[1m                     5937.0                    [0m[0m
      512    x 3072  |  [31m[1m         42942.0       [0m[0m  |  [31m[1m           27968.6         [0m[0m  |  [31m[1m        14974.3         [0m[0m  |  [31m[1m    15168.6     [0m[0m  |  [31m[1m   75478.5  [0m[0m  |  [31m[1m              75264.5            [0m[0m  |  [31m[1m                    43180.8                  [0m[0m  |  [31m[1m                       28294.3                      [0m[0m  |  [31m[1m               15120.3                [0m[0m  |  [31m[1m                 15198.0                 [0m[0m  |  [31m[1m                     3014.0                    [0m[0m
      256    x 3072  |  [31m[1m         22260.2       [0m[0m  |  [31m[1m           14459.0         [0m[0m  |  [31m[1m         7530.8         [0m[0m  |  [31m[1m     7531.8     [0m[0m  |  [31m[1m   37433.0  [0m[0m  |  [31m[1m              37054.0            [0m[0m  |  [31m[1m                    22449.9                  [0m[0m  |  [31m[1m                       14582.2                      [0m[0m  |  [31m[1m                7578.9                [0m[0m  |  [31m[1m                  7624.6                 [0m[0m  |  [31m[1m                     1626.1                    [0m[0m
      128    x 3072  |  [31m[1m         11781.4       [0m[0m  |  [31m[1m            7730.3         [0m[0m  |  [31m[1m         3798.9         [0m[0m  |  [31m[1m     3859.8     [0m[0m  |  [31m[1m   18640.7  [0m[0m  |  [31m[1m              18149.6            [0m[0m  |  [31m[1m                    12167.6                  [0m[0m  |  [31m[1m                        7874.1                      [0m[0m  |  [31m[1m                3841.9                [0m[0m  |  [31m[1m                  3909.8                 [0m[0m  |  [31m[1m                      885.9                    [0m[0m
      64     x 3072  |  [31m[1m          6799.8       [0m[0m  |  [31m[1m            4314.9         [0m[0m  |  [31m[1m         1933.5         [0m[0m  |  [31m[1m     1952.3     [0m[0m  |  [31m[1m    9076.4  [0m[0m  |  [31m[1m               8824.8            [0m[0m  |  [31m[1m                     6986.6                  [0m[0m  |  [31m[1m                        4499.4                      [0m[0m  |  [31m[1m                1983.0                [0m[0m  |  [31m[1m                  1964.1                 [0m[0m  |  [31m[1m                      499.6                    [0m[0m
      32     x 3072  |  [31m[1m          4141.3       [0m[0m  |  [31m[1m            2612.5         [0m[0m  |  [31m[1m          990.6         [0m[0m  |  [31m[1m     1017.4     [0m[0m  |  [31m[1m    4676.4  [0m[0m  |  [31m[1m               4415.3            [0m[0m  |  [31m[1m                     4197.0                  [0m[0m  |  [31m[1m                        2703.2                      [0m[0m  |  [31m[1m                1049.2                [0m[0m  |  [31m[1m                  1054.7                 [0m[0m  |  [2m[91m                      297.1                    [0m[0m
      16     x 3072  |  [31m[1m          2898.9       [0m[0m  |  [31m[1m            1822.9         [0m[0m  |  [31m[1m          529.5         [0m[0m  |  [31m[1m      533.5     [0m[0m  |  [31m[1m    2396.3  [0m[0m  |  [31m[1m               2269.6            [0m[0m  |  [31m[1m                     2869.7                  [0m[0m  |  [2m[91m                        1886.7                      [0m[0m  |  [31m[1m                 565.3                [0m[0m  |  [31m[1m                   558.5                 [0m[0m  |  [2m[91m                      213.1                    [0m[0m
      8      x 3072  |  [2m[91m          1419.2       [0m[0m  |  [2m[91m             904.0         [0m[0m  |  [2m[91m          276.2         [0m[0m  |  [2m[91m      281.1     [0m[0m  |  [2m[91m    1320.3  [0m[0m  |  [31m[1m               1149.0            [0m[0m  |  [2m[91m                     1460.7                  [0m[0m  |  [2m[91m                         963.7                      [0m[0m  |  [2m[91m                 313.1                [0m[0m  |  [2m[91m                   310.7                 [0m[0m  |                        148.1                    
      4      x 3072  |             949.6         |               574.8           |  [2m[91m          154.9         [0m[0m  |  [2m[91m      156.1     [0m[0m  |  [2m[91m     739.7  [0m[0m  |  [2m[91m                588.2            [0m[0m  |                        944.3                    |                           664.8                        |                   183.0                  |                     189.4                   |                        130.5                    
      2      x 3072  |  [34m[1m           513.8       [0m[0m  |  [34m[1m             335.4         [0m[0m  |             98.6           |         99.2       |       457.1    |                  307.2              |  [34m[1m                      553.7                  [0m[0m  |  [34m[1m                         427.7                      [0m[0m  |                   125.6                  |                     125.4                   |  [2m[91m                      246.7                    [0m[0m
      1      x 3072  |  [92m[1m           502.9       [0m[0m  |  [92m[1m             325.1         [0m[0m  |  [92m[1m           72.9         [0m[0m  |  [92m[1m       72.5     [0m[0m  |  [92m[1m     314.3  [0m[0m  |  [92m[1m                165.0            [0m[0m  |  [92m[1m                      532.0                  [0m[0m  |  [92m[1m                         395.8                      [0m[0m  |  [92m[1m                  97.8                [0m[0m  |  [92m[1m                    97.4                 [0m[0m  |  [92m[1m                       96.4                    [0m[0m

Times are in microseconds (us).

[------------------------------------------------------------------------------------------------------------------------------------------------------------------- Sparsity 95 with 1 threads using compilation strategy inductor and dtype torch.float32 on device cpu. --------------------------------------------------------------------------------------------------------------------------------------------------------------------]
                     |  Dense benchmark - eager  |  Structured sparsity - eager  |  structured + csr - eager  |  csr only - eager  |  Vmap - eager  |  Fine-grained + structured - eager  |  Dense benchmark - Compiled - backend inductor  |  Structured sparsity compiled with backend - inductor  |  structured + csr with backend inductor  |  csr only compiled with backend - inductor  |  Fine-grained + structured with backend inductor
1 threads: -------------------------------------------------------------------------------------------------------------------------------------------------------------------------------------------------------------------------------------------------------------------------------------------------------------------------------------------------------------------------------------------------------------------------------------
      2048   x 3072  |  [31m[1m        167528.4       [0m[0m  |  [31m[1m          79020.2          [0m[0m  |  [31m[1m        284319.1        [0m[0m  |  [31m[1m    283969.7    [0m[0m  |  [31m[1m 2072246.2  [0m[0m  |  [31m[1m            2098578.6            [0m[0m  |  [31m[1m                   167370.6                  [0m[0m  |  [31m[1m                      78437.0                       [0m[0m  |  [31m[1m               285263.4               [0m[0m  |  [31m[1m                 285773.3                [0m[0m  |  [31m[1m                    54861.0                    [0m[0m
      1024   x 3072  |  [31m[1m         85129.2       [0m[0m  |  [31m[1m          39896.7          [0m[0m  |  [31m[1m        141125.4        [0m[0m  |  [31m[1m    144335.2    [0m[0m  |  [31m[1m 1062333.1  [0m[0m  |  [31m[1m            1049255.1            [0m[0m  |  [31m[1m                    84515.1                  [0m[0m  |  [31m[1m                      40630.1                       [0m[0m  |  [31m[1m               142653.1               [0m[0m  |  [31m[1m                 144130.0                [0m[0m  |  [31m[1m                    27909.5                    [0m[0m
      512    x 3072  |  [31m[1m         43274.7       [0m[0m  |  [31m[1m          19980.5          [0m[0m  |  [31m[1m         72973.1        [0m[0m  |  [31m[1m     71937.8    [0m[0m  |  [31m[1m  525711.7  [0m[0m  |  [31m[1m             521703.3            [0m[0m  |  [31m[1m                    43211.6                  [0m[0m  |  [31m[1m                      20225.1                       [0m[0m  |  [31m[1m                71883.5               [0m[0m  |  [31m[1m                  71772.3                [0m[0m  |  [31m[1m                    14014.5                    [0m[0m
      256    x 3072  |  [31m[1m         23280.3       [0m[0m  |  [31m[1m          10197.3          [0m[0m  |  [31m[1m         36477.9        [0m[0m  |  [31m[1m     35781.5    [0m[0m  |  [31m[1m  188399.7  [0m[0m  |  [31m[1m             193099.4            [0m[0m  |  [31m[1m                    22215.6                  [0m[0m  |  [31m[1m                      10905.3                       [0m[0m  |  [31m[1m                36374.4               [0m[0m  |  [31m[1m                  36836.9                [0m[0m  |  [31m[1m                     7189.1                    [0m[0m
      128    x 3072  |  [31m[1m         12000.7       [0m[0m  |  [31m[1m           5521.5          [0m[0m  |  [31m[1m         17846.9        [0m[0m  |  [31m[1m     18087.5    [0m[0m  |  [31m[1m   94669.9  [0m[0m  |  [31m[1m              95059.0            [0m[0m  |  [31m[1m                    12104.3                  [0m[0m  |  [31m[1m                       5595.5                       [0m[0m  |  [31m[1m                18046.8               [0m[0m  |  [31m[1m                  17953.7                [0m[0m  |  [31m[1m                     3640.5                    [0m[0m
      64     x 3072  |  [31m[1m          6772.8       [0m[0m  |  [31m[1m           3039.6          [0m[0m  |  [31m[1m          9101.0        [0m[0m  |  [31m[1m      9114.9    [0m[0m  |  [31m[1m   47022.7  [0m[0m  |  [31m[1m              46881.0            [0m[0m  |  [31m[1m                     6692.8                  [0m[0m  |  [31m[1m                       3133.2                       [0m[0m  |  [31m[1m                 9313.3               [0m[0m  |  [31m[1m                   9170.1                [0m[0m  |  [31m[1m                     1996.3                    [0m[0m
      32     x 3072  |  [31m[1m          4131.9       [0m[0m  |  [31m[1m           1854.5          [0m[0m  |  [31m[1m          4563.9        [0m[0m  |  [31m[1m      4609.1    [0m[0m  |  [31m[1m   23491.7  [0m[0m  |  [31m[1m              23702.4            [0m[0m  |  [31m[1m                     4323.7                  [0m[0m  |  [31m[1m                       2165.6                       [0m[0m  |  [31m[1m                 4890.0               [0m[0m  |  [31m[1m                   4654.7                [0m[0m  |  [31m[1m                     1080.1                    [0m[0m
      16     x 3072  |  [31m[1m          2884.4       [0m[0m  |  [31m[1m           1306.0          [0m[0m  |  [31m[1m          2362.7        [0m[0m  |  [31m[1m      2365.1    [0m[0m  |  [31m[1m   11817.0  [0m[0m  |  [31m[1m              11579.3            [0m[0m  |  [31m[1m                     3043.3                  [0m[0m  |  [31m[1m                       1625.6                       [0m[0m  |  [31m[1m                 2623.0               [0m[0m  |  [31m[1m                   2632.6                [0m[0m  |  [31m[1m                      579.0                    [0m[0m
      8      x 3072  |  [2m[91m          1659.9       [0m[0m  |  [2m[91m            665.9          [0m[0m  |  [31m[1m          1364.0        [0m[0m  |  [31m[1m      1358.6    [0m[0m  |  [31m[1m    6832.2  [0m[0m  |  [31m[1m               6512.1            [0m[0m  |  [2m[91m                     1741.8                  [0m[0m  |  [2m[91m                        767.1                       [0m[0m  |  [31m[1m                 1431.0               [0m[0m  |  [2m[91m                   1404.7                [0m[0m  |  [31m[1m                      492.4                    [0m[0m
      4      x 3072  |  [2m[91m          1101.1       [0m[0m  |              424.9            |  [2m[91m           704.3        [0m[0m  |  [2m[91m       758.3    [0m[0m  |  [2m[91m    3115.9  [0m[0m  |  [2m[91m               2918.2            [0m[0m  |                       1030.9                    |                          502.8                         |  [2m[91m                  731.4               [0m[0m  |  [2m[91m                    776.0                [0m[0m  |  [2m[91m                      210.1                    [0m[0m
      2      x 3072  |             554.9         |  [34m[1m            227.8          [0m[0m  |             379.1          |         402.2      |      1691.2    |  [2m[91m               1574.0            [0m[0m  |  [92m[1m                      553.9                  [0m[0m  |  [34m[1m                        326.4                       [0m[0m  |                    423.3                 |                      414.0                  |                        136.0                    
      1      x 3072  |  [92m[1m           500.2       [0m[0m  |  [92m[1m            212.7          [0m[0m  |  [92m[1m           242.0        [0m[0m  |  [92m[1m       242.0    [0m[0m  |  [92m[1m     928.3  [0m[0m  |  [92m[1m                770.2            [0m[0m  |  [34m[1m                      560.6                  [0m[0m  |  [92m[1m                        300.5                       [0m[0m  |  [92m[1m                  280.2               [0m[0m  |  [92m[1m                    284.7                [0m[0m  |  [92m[1m                       82.9                    [0m[0m

Times are in microseconds (us).

[------------------------------------------------------------------------------------------------------------------------------------------------------------------- Sparsity 90 with 1 threads using compilation strategy inductor and dtype torch.float32 on device cpu. --------------------------------------------------------------------------------------------------------------------------------------------------------------------]
                     |  Dense benchmark - eager  |  Structured sparsity - eager  |  structured + csr - eager  |  csr only - eager  |  Vmap - eager  |  Fine-grained + structured - eager  |  Dense benchmark - Compiled - backend inductor  |  Structured sparsity compiled with backend - inductor  |  structured + csr with backend inductor  |  csr only compiled with backend - inductor  |  Fine-grained + structured with backend inductor
1 threads: -------------------------------------------------------------------------------------------------------------------------------------------------------------------------------------------------------------------------------------------------------------------------------------------------------------------------------------------------------------------------------------------------------------------------------------
      2048   x 3072  |  [31m[1m        167751.4       [0m[0m  |  [31m[1m          80683.2          [0m[0m  |  [31m[1m        562869.4        [0m[0m  |  [31m[1m    556858.1    [0m[0m  |  [31m[1m 4208983.1  [0m[0m  |  [31m[1m            4199001.1            [0m[0m  |  [31m[1m                   167976.5                  [0m[0m  |  [31m[1m                      78794.5                       [0m[0m  |  [31m[1m               559444.2               [0m[0m  |  [31m[1m                 557597.1                [0m[0m  |  [31m[1m                    109289.9                   [0m[0m
      1024   x 3072  |  [31m[1m         85167.1       [0m[0m  |  [31m[1m          41649.3          [0m[0m  |  [31m[1m        280480.7        [0m[0m  |  [31m[1m    281708.4    [0m[0m  |  [31m[1m 2140194.7  [0m[0m  |  [31m[1m            2099525.3            [0m[0m  |  [31m[1m                    85684.7                  [0m[0m  |  [31m[1m                      39399.4                       [0m[0m  |  [31m[1m               279046.3               [0m[0m  |  [31m[1m                 280304.0                [0m[0m  |  [31m[1m                     55290.2                   [0m[0m
      512    x 3072  |  [31m[1m         43738.9       [0m[0m  |  [31m[1m          20054.0          [0m[0m  |  [31m[1m        140398.5        [0m[0m  |  [31m[1m    140708.7    [0m[0m  |  [31m[1m 1076348.6  [0m[0m  |  [31m[1m            1072440.8            [0m[0m  |  [31m[1m                    43083.8                  [0m[0m  |  [31m[1m                      20051.0                       [0m[0m  |  [31m[1m               139803.6               [0m[0m  |  [31m[1m                 139321.6                [0m[0m  |  [31m[1m                     27765.3                   [0m[0m
      256    x 3072  |  [31m[1m         22333.5       [0m[0m  |  [31m[1m          10181.7          [0m[0m  |  [31m[1m         69933.2        [0m[0m  |  [31m[1m     70272.1    [0m[0m  |  [31m[1m  534061.3  [0m[0m  |  [31m[1m             534949.3            [0m[0m  |  [31m[1m                    22385.5                  [0m[0m  |  [31m[1m                      10372.2                       [0m[0m  |  [31m[1m                70123.7               [0m[0m  |  [31m[1m                  70153.0                [0m[0m  |  [31m[1m                     14324.5                   [0m[0m
      128    x 3072  |  [31m[1m         11790.1       [0m[0m  |  [31m[1m           5396.2          [0m[0m  |  [31m[1m         35085.4        [0m[0m  |  [31m[1m     35392.4    [0m[0m  |  [31m[1m  190541.6  [0m[0m  |  [31m[1m             189140.9            [0m[0m  |  [31m[1m                    11826.1                  [0m[0m  |  [31m[1m                       5459.2                       [0m[0m  |  [31m[1m                35168.7               [0m[0m  |  [31m[1m                  34818.4                [0m[0m  |  [31m[1m                      7223.7                   [0m[0m
      64     x 3072  |  [31m[1m          6890.5       [0m[0m  |  [31m[1m           2977.1          [0m[0m  |  [31m[1m         17661.0        [0m[0m  |  [31m[1m     17739.5    [0m[0m  |  [31m[1m   95492.8  [0m[0m  |  [31m[1m              96769.2            [0m[0m  |  [31m[1m                     6796.6                  [0m[0m  |  [31m[1m                       3106.9                       [0m[0m  |  [31m[1m                17594.4               [0m[0m  |  [31m[1m                  17891.1                [0m[0m  |  [31m[1m                      3937.3                   [0m[0m
      32     x 3072  |  [31m[1m          4136.6       [0m[0m  |  [31m[1m           1804.0          [0m[0m  |  [31m[1m          8892.2        [0m[0m  |  [31m[1m      8984.6    [0m[0m  |  [31m[1m   47945.6  [0m[0m  |  [31m[1m              46787.2            [0m[0m  |  [31m[1m                     4157.2                  [0m[0m  |  [31m[1m                       1910.0                       [0m[0m  |  [31m[1m                 8983.3               [0m[0m  |  [31m[1m                   8949.3                [0m[0m  |  [31m[1m                      2066.6                   [0m[0m
      16     x 3072  |  [31m[1m          2841.9       [0m[0m  |  [31m[1m           1230.9          [0m[0m  |  [31m[1m          4682.2        [0m[0m  |  [31m[1m      4635.2    [0m[0m  |  [31m[1m   23914.6  [0m[0m  |  [31m[1m              24339.5            [0m[0m  |  [31m[1m                     2914.5                  [0m[0m  |  [2m[91m                       1300.1                       [0m[0m  |  [31m[1m                 4620.5               [0m[0m  |  [31m[1m                   4629.0                [0m[0m  |  [31m[1m                      1004.7                   [0m[0m
      8      x 3072  |  [2m[91m          1352.3       [0m[0m  |  [2m[91m            553.2          [0m[0m  |  [31m[1m          2414.7        [0m[0m  |  [31m[1m      2386.2    [0m[0m  |  [31m[1m   11795.5  [0m[0m  |  [31m[1m              11552.1            [0m[0m  |  [2m[91m                     1411.2                  [0m[0m  |  [2m[91m                        640.4                       [0m[0m  |  [2m[91m                 2433.6               [0m[0m  |  [31m[1m                   2420.2                [0m[0m  |  [31m[1m                       567.3                   [0m[0m
      4      x 3072  |             950.7         |              354.8            |  [2m[91m          1299.4        [0m[0m  |  [2m[91m      1290.4    [0m[0m  |  [2m[91m    5882.6  [0m[0m  |  [2m[91m               5674.0            [0m[0m  |                        965.1                    |                          439.6                         |  [2m[91m                 1380.2               [0m[0m  |  [2m[91m                   1310.5                [0m[0m  |  [2m[91m                       325.3                   [0m[0m
      2      x 3072  |  [92m[1m           499.0       [0m[0m  |              221.0            |             741.0          |         744.0      |      3021.4    |                 2858.8              |  [34m[1m                      526.2                  [0m[0m  |  [34m[1m                        290.3                       [0m[0m  |                    778.2                 |                      786.5                  |                         204.7                   
      1      x 3072  |  [34m[1m           522.5       [0m[0m  |  [92m[1m            200.8          [0m[0m  |  [92m[1m           457.8        [0m[0m  |  [92m[1m       463.2    [0m[0m  |  [92m[1m    1621.0  [0m[0m  |  [92m[1m               1473.7            [0m[0m  |  [92m[1m                      509.5                  [0m[0m  |  [92m[1m                        268.7                       [0m[0m  |  [92m[1m                  487.0               [0m[0m  |  [92m[1m                    480.9                [0m[0m  |  [92m[1m                       113.4                   [0m[0m

Times are in microseconds (us).

[------------------------------------------------------------------------------------------------------------------------------------------------------------------- Sparsity 80 with 1 threads using compilation strategy inductor and dtype torch.float32 on device cpu. --------------------------------------------------------------------------------------------------------------------------------------------------------------------]
                     |  Dense benchmark - eager  |  Structured sparsity - eager  |  structured + csr - eager  |  csr only - eager  |  Vmap - eager  |  Fine-grained + structured - eager  |  Dense benchmark - Compiled - backend inductor  |  Structured sparsity compiled with backend - inductor  |  structured + csr with backend inductor  |  csr only compiled with backend - inductor  |  Fine-grained + structured with backend inductor
1 threads: -------------------------------------------------------------------------------------------------------------------------------------------------------------------------------------------------------------------------------------------------------------------------------------------------------------------------------------------------------------------------------------------------------------------------------------
      2048   x 3072  |  [31m[1m        169510.2       [0m[0m  |  [31m[1m          74992.8          [0m[0m  |  [31m[1m       1097097.7        [0m[0m  |  [31m[1m   1101062.8    [0m[0m  |  [31m[1m 8437211.3  [0m[0m  |  [31m[1m            8377928.9            [0m[0m  |  [31m[1m                   169054.0                  [0m[0m  |  [31m[1m                      74420.8                       [0m[0m  |  [31m[1m              1107447.0               [0m[0m  |  [31m[1m                1099988.4                [0m[0m  |  [31m[1m                    219637.0                   [0m[0m
      1024   x 3072  |  [31m[1m         86072.9       [0m[0m  |  [31m[1m          38186.2          [0m[0m  |  [31m[1m        560301.5        [0m[0m  |  [31m[1m    560652.6    [0m[0m  |  [31m[1m 4215406.1  [0m[0m  |  [31m[1m            4240499.6            [0m[0m  |  [31m[1m                    85511.2                  [0m[0m  |  [31m[1m                      38050.5                       [0m[0m  |  [31m[1m               556843.5               [0m[0m  |  [31m[1m                 559503.6                [0m[0m  |  [31m[1m                    110534.9                   [0m[0m
      512    x 3072  |  [31m[1m         44179.0       [0m[0m  |  [31m[1m          19252.0          [0m[0m  |  [31m[1m        275896.6        [0m[0m  |  [31m[1m    274941.1    [0m[0m  |  [31m[1m 2117554.6  [0m[0m  |  [31m[1m            2149928.4            [0m[0m  |  [31m[1m                    44278.0                  [0m[0m  |  [31m[1m                      19384.5                       [0m[0m  |  [31m[1m               277201.9               [0m[0m  |  [31m[1m                 275141.0                [0m[0m  |  [31m[1m                     55755.6                   [0m[0m
      256    x 3072  |  [31m[1m         22720.5       [0m[0m  |  [31m[1m           9941.3          [0m[0m  |  [31m[1m        138497.6        [0m[0m  |  [31m[1m    137984.3    [0m[0m  |  [31m[1m 1070525.7  [0m[0m  |  [31m[1m            1067605.5            [0m[0m  |  [31m[1m                    22492.9                  [0m[0m  |  [31m[1m                       9933.2                       [0m[0m  |  [31m[1m               137241.5               [0m[0m  |  [31m[1m                 136989.9                [0m[0m  |  [31m[1m                     28503.3                   [0m[0m
      128    x 3072  |  [31m[1m         11784.0       [0m[0m  |  [31m[1m           5181.1          [0m[0m  |  [31m[1m         69075.2        [0m[0m  |  [31m[1m     69143.0    [0m[0m  |  [31m[1m  537742.5  [0m[0m  |  [31m[1m             536495.0            [0m[0m  |  [31m[1m                    12063.7                  [0m[0m  |  [31m[1m                       5320.3                       [0m[0m  |  [31m[1m                69877.9               [0m[0m  |  [31m[1m                  69502.8                [0m[0m  |  [31m[1m                     14398.3                   [0m[0m
      64     x 3072  |  [31m[1m          6751.9       [0m[0m  |  [31m[1m           2914.4          [0m[0m  |  [31m[1m         35001.8        [0m[0m  |  [31m[1m     35249.4    [0m[0m  |  [31m[1m  191754.0  [0m[0m  |  [31m[1m             191974.5            [0m[0m  |  [31m[1m                     6913.5                  [0m[0m  |  [31m[1m                       3070.6                       [0m[0m  |  [31m[1m                35264.0               [0m[0m  |  [31m[1m                  35189.5                [0m[0m  |  [31m[1m                      7815.1                   [0m[0m
      32     x 3072  |  [31m[1m          4131.0       [0m[0m  |  [31m[1m           1760.9          [0m[0m  |  [31m[1m         17496.3        [0m[0m  |  [31m[1m     17540.6    [0m[0m  |  [31m[1m   95337.3  [0m[0m  |  [31m[1m              95545.5            [0m[0m  |  [31m[1m                     4158.2                  [0m[0m  |  [31m[1m                       1851.2                       [0m[0m  |  [31m[1m                17569.7               [0m[0m  |  [31m[1m                  17742.9                [0m[0m  |  [31m[1m                      4056.1                   [0m[0m
      16     x 3072  |  [31m[1m          2835.9       [0m[0m  |  [31m[1m           1195.9          [0m[0m  |  [31m[1m          8955.7        [0m[0m  |  [31m[1m      8943.1    [0m[0m  |  [31m[1m   47947.7  [0m[0m  |  [31m[1m              47849.8            [0m[0m  |  [31m[1m                     2899.1                  [0m[0m  |  [2m[91m                       1299.3                       [0m[0m  |  [31m[1m                 9167.2               [0m[0m  |  [31m[1m                   9317.7                [0m[0m  |  [31m[1m                      1896.5                   [0m[0m
      8      x 3072  |  [2m[91m          1396.9       [0m[0m  |  [2m[91m            598.7          [0m[0m  |  [31m[1m          4678.2        [0m[0m  |  [31m[1m      4663.3    [0m[0m  |  [31m[1m   24150.5  [0m[0m  |  [31m[1m              23985.6            [0m[0m  |  [2m[91m                     1417.6                  [0m[0m  |  [2m[91m                        650.3                       [0m[0m  |  [31m[1m                 4714.7               [0m[0m  |  [31m[1m                   4710.8                [0m[0m  |  [31m[1m                      1025.4                   [0m[0m
      4      x 3072  |             979.0         |              351.3            |  [2m[91m          2475.3        [0m[0m  |  [2m[91m      2459.3    [0m[0m  |  [2m[91m   11735.4  [0m[0m  |  [2m[91m              11740.0            [0m[0m  |                        927.4                    |                          480.3                         |  [2m[91m                 2513.3               [0m[0m  |  [2m[91m                   2511.2                [0m[0m  |  [2m[91m                       571.2                   [0m[0m
      2      x 3072  |  [34m[1m           523.6       [0m[0m  |              222.7            |            1425.0          |        1409.4      |      5933.2    |  [2m[91m               5766.2            [0m[0m  |  [34m[1m                      544.0                  [0m[0m  |                          296.5                         |                   1440.8                 |                     1427.7                  |                         326.8                   
      1      x 3072  |  [92m[1m           504.6       [0m[0m  |  [92m[1m            199.4          [0m[0m  |  [92m[1m           883.1        [0m[0m  |  [92m[1m       883.2    [0m[0m  |  [92m[1m    3054.3  [0m[0m  |  [92m[1m               2861.4            [0m[0m  |  [92m[1m                      510.4                  [0m[0m  |  [92m[1m                        268.4                       [0m[0m  |  [92m[1m                  915.5               [0m[0m  |  [92m[1m                    911.3                [0m[0m  |  [92m[1m                       179.6                   [0m[0m

Times are in microseconds (us).
